<?xml version="1.0" encoding="UTF-8" ?>
<testsuite tests="8" failures="2" name="TestSuite" time="327.909" errors="0" skipped="0">
  <properties>
    <property name="java.runtime.name" value="Java(TM) SE Runtime Environment"/>
    <property name="sun.boot.library.path" value="/Library/Java/JavaVirtualMachines/jdk1.8.0_40.jdk/Contents/Home/jre/lib"/>
    <property name="java.vm.version" value="25.40-b25"/>
    <property name="gopherProxySet" value="false"/>
    <property name="java.vm.vendor" value="Oracle Corporation"/>
    <property name="java.vendor.url" value="http://java.oracle.com/"/>
    <property name="path.separator" value=":"/>
    <property name="java.vm.name" value="Java HotSpot(TM) 64-Bit Server VM"/>
    <property name="file.encoding.pkg" value="sun.io"/>
    <property name="user.country" value="CN"/>
    <property name="sun.java.launcher" value="SUN_STANDARD"/>
    <property name="sun.os.patch.level" value="unknown"/>
    <property name="java.vm.specification.name" value="Java Virtual Machine Specification"/>
    <property name="user.dir" value="/Users/zhouxin/Documents/project/testmis/target"/>
    <property name="java.runtime.version" value="1.8.0_40-b27"/>
    <property name="java.awt.graphicsenv" value="sun.awt.CGraphicsEnvironment"/>
    <property name="basedir" value="/Users/zhouxin/Documents/project/testmis"/>
    <property name="java.endorsed.dirs" value="/Library/Java/JavaVirtualMachines/jdk1.8.0_40.jdk/Contents/Home/jre/lib/endorsed"/>
    <property name="os.arch" value="x86_64"/>
    <property name="surefire.real.class.path" value="/var/folders/0j/qv5k6dvd2579d1zr60mbkr980000gn/T/surefirebooter1277730922011783306.jar"/>
    <property name="java.io.tmpdir" value="/var/folders/0j/qv5k6dvd2579d1zr60mbkr980000gn/T/"/>
    <property name="line.separator" value="
"/>
    <property name="java.vm.specification.vendor" value="Oracle Corporation"/>
    <property name="os.name" value="Mac OS X"/>
    <property name="sun.jnu.encoding" value="UTF-8"/>
    <property name="java.library.path" value="/Users/zhouxin/Library/Java/Extensions:/Library/Java/Extensions:/Network/Library/Java/Extensions:/System/Library/Java/Extensions:/usr/lib/java:."/>
    <property name="surefire.test.class.path" value="/Users/zhouxin/Documents/project/testmis/target/test-classes:/Users/zhouxin/Documents/project/testmis/target/classes:/Users/zhouxin/.m2/repository/org/testng/testng/6.9.10/testng-6.9.10.jar:/Users/zhouxin/.m2/repository/com/beust/jcommander/1.48/jcommander-1.48.jar:/Users/zhouxin/.m2/repository/org/beanshell/bsh/2.0b4/bsh-2.0b4.jar:/Users/zhouxin/.m2/repository/org/uncommons/reportng/1.1.2/reportng-1.1.2.jar:/Users/zhouxin/.m2/repository/velocity/velocity/1.4/velocity-1.4.jar:/Users/zhouxin/.m2/repository/velocity/velocity-dep/1.4/velocity-dep-1.4.jar:/Users/zhouxin/.m2/repository/com/google/inject/guice/3.0/guice-3.0.jar:/Users/zhouxin/.m2/repository/javax/inject/javax.inject/1/javax.inject-1.jar:/Users/zhouxin/.m2/repository/aopalliance/aopalliance/1.0/aopalliance-1.0.jar:/Users/zhouxin/.m2/repository/org/seleniumhq/selenium/selenium-java/2.45.0/selenium-java-2.45.0.jar:/Users/zhouxin/.m2/repository/org/seleniumhq/selenium/selenium-chrome-driver/2.45.0/selenium-chrome-driver-2.45.0.jar:/Users/zhouxin/.m2/repository/org/seleniumhq/selenium/selenium-remote-driver/2.45.0/selenium-remote-driver-2.45.0.jar:/Users/zhouxin/.m2/repository/cglib/cglib-nodep/2.1_3/cglib-nodep-2.1_3.jar:/Users/zhouxin/.m2/repository/com/google/code/gson/gson/2.3.1/gson-2.3.1.jar:/Users/zhouxin/.m2/repository/org/seleniumhq/selenium/selenium-api/2.45.0/selenium-api-2.45.0.jar:/Users/zhouxin/.m2/repository/com/google/guava/guava/18.0/guava-18.0.jar:/Users/zhouxin/.m2/repository/org/seleniumhq/selenium/selenium-htmlunit-driver/2.45.0/selenium-htmlunit-driver-2.45.0.jar:/Users/zhouxin/.m2/repository/net/sourceforge/htmlunit/htmlunit/2.15/htmlunit-2.15.jar:/Users/zhouxin/.m2/repository/xalan/xalan/2.7.1/xalan-2.7.1.jar:/Users/zhouxin/.m2/repository/xalan/serializer/2.7.1/serializer-2.7.1.jar:/Users/zhouxin/.m2/repository/commons-collections/commons-collections/3.2.1/commons-collections-3.2.1.jar:/Users/zhouxin/.m2/repository/org/apache/commons/commons-lang3/3.3.2/commons-lang3-3.3.2.jar:/Users/zhouxin/.m2/repository/org/apache/httpcomponents/httpmime/4.3.3/httpmime-4.3.3.jar:/Users/zhouxin/.m2/repository/commons-codec/commons-codec/1.9/commons-codec-1.9.jar:/Users/zhouxin/.m2/repository/net/sourceforge/htmlunit/htmlunit-core-js/2.15/htmlunit-core-js-2.15.jar:/Users/zhouxin/.m2/repository/xerces/xercesImpl/2.11.0/xercesImpl-2.11.0.jar:/Users/zhouxin/.m2/repository/xml-apis/xml-apis/1.4.01/xml-apis-1.4.01.jar:/Users/zhouxin/.m2/repository/net/sourceforge/nekohtml/nekohtml/1.9.21/nekohtml-1.9.21.jar:/Users/zhouxin/.m2/repository/net/sourceforge/cssparser/cssparser/0.9.14/cssparser-0.9.14.jar:/Users/zhouxin/.m2/repository/org/w3c/css/sac/1.3/sac-1.3.jar:/Users/zhouxin/.m2/repository/commons-logging/commons-logging/1.1.3/commons-logging-1.1.3.jar:/Users/zhouxin/.m2/repository/org/eclipse/jetty/jetty-websocket/8.1.15.v20140411/jetty-websocket-8.1.15.v20140411.jar:/Users/zhouxin/.m2/repository/org/eclipse/jetty/jetty-util/8.1.15.v20140411/jetty-util-8.1.15.v20140411.jar:/Users/zhouxin/.m2/repository/org/eclipse/jetty/jetty-io/8.1.15.v20140411/jetty-io-8.1.15.v20140411.jar:/Users/zhouxin/.m2/repository/org/eclipse/jetty/jetty-http/8.1.15.v20140411/jetty-http-8.1.15.v20140411.jar:/Users/zhouxin/.m2/repository/org/apache/httpcomponents/httpclient/4.3.6/httpclient-4.3.6.jar:/Users/zhouxin/.m2/repository/org/apache/httpcomponents/httpcore/4.3.3/httpcore-4.3.3.jar:/Users/zhouxin/.m2/repository/org/seleniumhq/selenium/selenium-firefox-driver/2.45.0/selenium-firefox-driver-2.45.0.jar:/Users/zhouxin/.m2/repository/commons-io/commons-io/2.4/commons-io-2.4.jar:/Users/zhouxin/.m2/repository/org/apache/commons/commons-exec/1.1/commons-exec-1.1.jar:/Users/zhouxin/.m2/repository/org/seleniumhq/selenium/selenium-ie-driver/2.45.0/selenium-ie-driver-2.45.0.jar:/Users/zhouxin/.m2/repository/net/java/dev/jna/jna/3.4.0/jna-3.4.0.jar:/Users/zhouxin/.m2/repository/net/java/dev/jna/platform/3.4.0/platform-3.4.0.jar:/Users/zhouxin/.m2/repository/org/seleniumhq/selenium/selenium-safari-driver/2.45.0/selenium-safari-driver-2.45.0.jar:/Users/zhouxin/.m2/repository/org/seleniumhq/selenium/selenium-support/2.45.0/selenium-support-2.45.0.jar:/Users/zhouxin/.m2/repository/org/webbitserver/webbit/0.4.14/webbit-0.4.14.jar:/Users/zhouxin/.m2/repository/io/netty/netty/3.5.2.Final/netty-3.5.2.Final.jar:/Users/zhouxin/.m2/repository/org/seleniumhq/selenium/selenium-leg-rc/2.45.0/selenium-leg-rc-2.45.0.jar:/Users/zhouxin/.m2/repository/junit/junit/4.10/junit-4.10.jar:/Users/zhouxin/.m2/repository/org/hamcrest/hamcrest-core/1.1/hamcrest-core-1.1.jar:/Users/zhouxin/.m2/repository/net/sourceforge/jexcelapi/jxl/2.6.12/jxl-2.6.12.jar:/Users/zhouxin/.m2/repository/log4j/log4j/1.2.14/log4j-1.2.14.jar:"/>
    <property name="java.specification.name" value="Java Platform API Specification"/>
    <property name="java.class.version" value="52.0"/>
    <property name="sun.management.compiler" value="HotSpot 64-Bit Tiered Compilers"/>
    <property name="os.version" value="10.10.5"/>
    <property name="user.home" value="/Users/zhouxin"/>
    <property name="user.timezone" value="Asia/Shanghai"/>
    <property name="java.awt.printerjob" value="sun.lwawt.macosx.CPrinterJob"/>
    <property name="java.specification.version" value="1.8"/>
    <property name="file.encoding" value="UTF-8"/>
    <property name="user.name" value="zhouxin"/>
    <property name="java.class.path" value="/Users/zhouxin/Documents/project/testmis/target/test-classes:/Users/zhouxin/Documents/project/testmis/target/classes:/Users/zhouxin/.m2/repository/org/testng/testng/6.9.10/testng-6.9.10.jar:/Users/zhouxin/.m2/repository/com/beust/jcommander/1.48/jcommander-1.48.jar:/Users/zhouxin/.m2/repository/org/beanshell/bsh/2.0b4/bsh-2.0b4.jar:/Users/zhouxin/.m2/repository/org/uncommons/reportng/1.1.2/reportng-1.1.2.jar:/Users/zhouxin/.m2/repository/velocity/velocity/1.4/velocity-1.4.jar:/Users/zhouxin/.m2/repository/velocity/velocity-dep/1.4/velocity-dep-1.4.jar:/Users/zhouxin/.m2/repository/com/google/inject/guice/3.0/guice-3.0.jar:/Users/zhouxin/.m2/repository/javax/inject/javax.inject/1/javax.inject-1.jar:/Users/zhouxin/.m2/repository/aopalliance/aopalliance/1.0/aopalliance-1.0.jar:/Users/zhouxin/.m2/repository/org/seleniumhq/selenium/selenium-java/2.45.0/selenium-java-2.45.0.jar:/Users/zhouxin/.m2/repository/org/seleniumhq/selenium/selenium-chrome-driver/2.45.0/selenium-chrome-driver-2.45.0.jar:/Users/zhouxin/.m2/repository/org/seleniumhq/selenium/selenium-remote-driver/2.45.0/selenium-remote-driver-2.45.0.jar:/Users/zhouxin/.m2/repository/cglib/cglib-nodep/2.1_3/cglib-nodep-2.1_3.jar:/Users/zhouxin/.m2/repository/com/google/code/gson/gson/2.3.1/gson-2.3.1.jar:/Users/zhouxin/.m2/repository/org/seleniumhq/selenium/selenium-api/2.45.0/selenium-api-2.45.0.jar:/Users/zhouxin/.m2/repository/com/google/guava/guava/18.0/guava-18.0.jar:/Users/zhouxin/.m2/repository/org/seleniumhq/selenium/selenium-htmlunit-driver/2.45.0/selenium-htmlunit-driver-2.45.0.jar:/Users/zhouxin/.m2/repository/net/sourceforge/htmlunit/htmlunit/2.15/htmlunit-2.15.jar:/Users/zhouxin/.m2/repository/xalan/xalan/2.7.1/xalan-2.7.1.jar:/Users/zhouxin/.m2/repository/xalan/serializer/2.7.1/serializer-2.7.1.jar:/Users/zhouxin/.m2/repository/commons-collections/commons-collections/3.2.1/commons-collections-3.2.1.jar:/Users/zhouxin/.m2/repository/org/apache/commons/commons-lang3/3.3.2/commons-lang3-3.3.2.jar:/Users/zhouxin/.m2/repository/org/apache/httpcomponents/httpmime/4.3.3/httpmime-4.3.3.jar:/Users/zhouxin/.m2/repository/commons-codec/commons-codec/1.9/commons-codec-1.9.jar:/Users/zhouxin/.m2/repository/net/sourceforge/htmlunit/htmlunit-core-js/2.15/htmlunit-core-js-2.15.jar:/Users/zhouxin/.m2/repository/xerces/xercesImpl/2.11.0/xercesImpl-2.11.0.jar:/Users/zhouxin/.m2/repository/xml-apis/xml-apis/1.4.01/xml-apis-1.4.01.jar:/Users/zhouxin/.m2/repository/net/sourceforge/nekohtml/nekohtml/1.9.21/nekohtml-1.9.21.jar:/Users/zhouxin/.m2/repository/net/sourceforge/cssparser/cssparser/0.9.14/cssparser-0.9.14.jar:/Users/zhouxin/.m2/repository/org/w3c/css/sac/1.3/sac-1.3.jar:/Users/zhouxin/.m2/repository/commons-logging/commons-logging/1.1.3/commons-logging-1.1.3.jar:/Users/zhouxin/.m2/repository/org/eclipse/jetty/jetty-websocket/8.1.15.v20140411/jetty-websocket-8.1.15.v20140411.jar:/Users/zhouxin/.m2/repository/org/eclipse/jetty/jetty-util/8.1.15.v20140411/jetty-util-8.1.15.v20140411.jar:/Users/zhouxin/.m2/repository/org/eclipse/jetty/jetty-io/8.1.15.v20140411/jetty-io-8.1.15.v20140411.jar:/Users/zhouxin/.m2/repository/org/eclipse/jetty/jetty-http/8.1.15.v20140411/jetty-http-8.1.15.v20140411.jar:/Users/zhouxin/.m2/repository/org/apache/httpcomponents/httpclient/4.3.6/httpclient-4.3.6.jar:/Users/zhouxin/.m2/repository/org/apache/httpcomponents/httpcore/4.3.3/httpcore-4.3.3.jar:/Users/zhouxin/.m2/repository/org/seleniumhq/selenium/selenium-firefox-driver/2.45.0/selenium-firefox-driver-2.45.0.jar:/Users/zhouxin/.m2/repository/commons-io/commons-io/2.4/commons-io-2.4.jar:/Users/zhouxin/.m2/repository/org/apache/commons/commons-exec/1.1/commons-exec-1.1.jar:/Users/zhouxin/.m2/repository/org/seleniumhq/selenium/selenium-ie-driver/2.45.0/selenium-ie-driver-2.45.0.jar:/Users/zhouxin/.m2/repository/net/java/dev/jna/jna/3.4.0/jna-3.4.0.jar:/Users/zhouxin/.m2/repository/net/java/dev/jna/platform/3.4.0/platform-3.4.0.jar:/Users/zhouxin/.m2/repository/org/seleniumhq/selenium/selenium-safari-driver/2.45.0/selenium-safari-driver-2.45.0.jar:/Users/zhouxin/.m2/repository/org/seleniumhq/selenium/selenium-support/2.45.0/selenium-support-2.45.0.jar:/Users/zhouxin/.m2/repository/org/webbitserver/webbit/0.4.14/webbit-0.4.14.jar:/Users/zhouxin/.m2/repository/io/netty/netty/3.5.2.Final/netty-3.5.2.Final.jar:/Users/zhouxin/.m2/repository/org/seleniumhq/selenium/selenium-leg-rc/2.45.0/selenium-leg-rc-2.45.0.jar:/Users/zhouxin/.m2/repository/junit/junit/4.10/junit-4.10.jar:/Users/zhouxin/.m2/repository/org/hamcrest/hamcrest-core/1.1/hamcrest-core-1.1.jar:/Users/zhouxin/.m2/repository/net/sourceforge/jexcelapi/jxl/2.6.12/jxl-2.6.12.jar:/Users/zhouxin/.m2/repository/log4j/log4j/1.2.14/log4j-1.2.14.jar:"/>
    <property name="java.vm.specification.version" value="1.8"/>
    <property name="sun.arch.data.model" value="64"/>
    <property name="java.home" value="/Library/Java/JavaVirtualMachines/jdk1.8.0_40.jdk/Contents/Home/jre"/>
    <property name="sun.java.command" value="/var/folders/0j/qv5k6dvd2579d1zr60mbkr980000gn/T/surefirebooter1277730922011783306.jar /var/folders/0j/qv5k6dvd2579d1zr60mbkr980000gn/T/surefire9095702648975481662tmp /var/folders/0j/qv5k6dvd2579d1zr60mbkr980000gn/T/surefire4670466589577610965tmp"/>
    <property name="java.specification.vendor" value="Oracle Corporation"/>
    <property name="user.language" value="zh"/>
    <property name="awt.toolkit" value="sun.lwawt.macosx.LWCToolkit"/>
    <property name="java.vm.info" value="mixed mode"/>
    <property name="java.version" value="1.8.0_40"/>
    <property name="java.ext.dirs" value="/Users/zhouxin/Library/Java/Extensions:/Library/Java/JavaVirtualMachines/jdk1.8.0_40.jdk/Contents/Home/jre/lib/ext:/Library/Java/Extensions:/Network/Library/Java/Extensions:/System/Library/Java/Extensions:/usr/lib/java"/>
    <property name="sun.boot.class.path" value="/Library/Java/JavaVirtualMachines/jdk1.8.0_40.jdk/Contents/Home/jre/lib/resources.jar:/Library/Java/JavaVirtualMachines/jdk1.8.0_40.jdk/Contents/Home/jre/lib/rt.jar:/Library/Java/JavaVirtualMachines/jdk1.8.0_40.jdk/Contents/Home/jre/lib/sunrsasign.jar:/Library/Java/JavaVirtualMachines/jdk1.8.0_40.jdk/Contents/Home/jre/lib/jsse.jar:/Library/Java/JavaVirtualMachines/jdk1.8.0_40.jdk/Contents/Home/jre/lib/jce.jar:/Library/Java/JavaVirtualMachines/jdk1.8.0_40.jdk/Contents/Home/jre/lib/charsets.jar:/Library/Java/JavaVirtualMachines/jdk1.8.0_40.jdk/Contents/Home/jre/lib/jfr.jar:/Library/Java/JavaVirtualMachines/jdk1.8.0_40.jdk/Contents/Home/jre/classes"/>
    <property name="java.vendor" value="Oracle Corporation"/>
    <property name="localRepository" value="/Users/zhouxin/.m2/repository"/>
    <property name="file.separator" value="/"/>
    <property name="java.vendor.url.bug" value="http://bugreport.sun.com/bugreport/"/>
    <property name="sun.cpu.endian" value="little"/>
    <property name="sun.io.unicode.encoding" value="UnicodeBig"/>
    <property name="sun.cpu.isalist" value=""/>
  </properties>
  <testcase classname="com.mis.market.test.ItemSkuTest" name="itemSkuTest" time="26.701"/>
  <testcase classname="com.mis.market.test.ItemSaleTest" name="itemSaleTest" time="55.035"/>
  <testcase classname="com.mis.market.test.ItemExceptionTest" name="itemExceptionTest" time="111.608"/>
  <testcase classname="com.mis.market.test.ItemCategoryTest" name="itemCategoryTest" time="27.821"/>
  <testcase classname="com.mis.market.test.MisHomegalleryTest" name="misHomegalleryTest" time="27.065"/>
  <testcase classname="com.mis.market.test.MisHomecatTest" name="misHomecatTest" time="11.226">
    <failure message="expected:&lt;[保存成功!]&gt; but was:&lt;[品类[001024]重复]&gt;" type="org.junit.ComparisonFailure">org.junit.ComparisonFailure: expected:&lt;[保存成功!]&gt; but was:&lt;[品类[001024]重复]&gt;
	at org.junit.Assert.assertEquals(Assert.java:125)
	at org.junit.Assert.assertEquals(Assert.java:147)
	at com.mis.market.pages.MisHomecatPage.save_success(MisHomecatPage.java:74)
	at com.mis.market.test.MisHomecatTest.misHomecatTest(MisHomecatTest.java:52)
</failure>
  </testcase>
  <testcase classname="com.mis.market.test.MisHomeitemTest" name="misHomeitemTest" time="17.5"/>
  <testcase classname="com.mis.market.test.MisRecomcatTest" name="misRecomcatTest" time="16.738">
    <failure message="Error communicating with the remote browser. It may have died.
Build info: version: &apos;2.45.0&apos;, revision: &apos;5017cb8e7ca8e37638dc3091b2440b90a1d8686f&apos;, time: &apos;2015-02-27 09:10:26&apos;
System info: host: &apos;zhouxindeMacBook-Pro.local&apos;, ip: &apos;192.168.1.130&apos;, os.name: &apos;Mac OS X&apos;, os.arch: &apos;x86_64&apos;, os.version: &apos;10.10.5&apos;, java.version: &apos;1.8.0_40&apos;
Driver info: driver.version: RemoteWebDriver" type="org.openqa.selenium.remote.UnreachableBrowserException">org.openqa.selenium.remote.UnreachableBrowserException: Error communicating with the remote browser. It may have died.
Build info: version: &apos;2.45.0&apos;, revision: &apos;5017cb8e7ca8e37638dc3091b2440b90a1d8686f&apos;, time: &apos;2015-02-27 09:10:26&apos;
System info: host: &apos;zhouxindeMacBook-Pro.local&apos;, ip: &apos;192.168.1.130&apos;, os.name: &apos;Mac OS X&apos;, os.arch: &apos;x86_64&apos;, os.version: &apos;10.10.5&apos;, java.version: &apos;1.8.0_40&apos;
Driver info: driver.version: RemoteWebDriver
	at org.openqa.selenium.remote.RemoteWebDriver.execute(RemoteWebDriver.java:593)
	at org.openqa.selenium.remote.RemoteWebDriver.findElements(RemoteWebDriver.java:377)
	at org.openqa.selenium.remote.RemoteWebDriver.findElementsByLinkText(RemoteWebDriver.java:405)
	at org.openqa.selenium.By$ByLinkText.findElements(By.java:237)
	at org.openqa.selenium.remote.RemoteWebDriver.findElements(RemoteWebDriver.java:340)
	at com.mis.market.pages.MisRecomcatPage.checkDelete(MisRecomcatPage.java:110)
	at com.mis.market.test.MisRecomcatTest.misRecomcatTest(MisRecomcatTest.java:55)
Caused by: org.apache.http.NoHttpResponseException: 127.0.0.1:7055 failed to respond
	at org.apache.http.impl.conn.DefaultHttpResponseParser.parseHead(DefaultHttpResponseParser.java:143)
	at org.apache.http.impl.conn.DefaultHttpResponseParser.parseHead(DefaultHttpResponseParser.java:57)
	at org.apache.http.impl.io.AbstractMessageParser.parse(AbstractMessageParser.java:260)
	at org.apache.http.impl.DefaultBHttpClientConnection.receiveResponseHeader(DefaultBHttpClientConnection.java:161)
	at org.apache.http.impl.conn.CPoolProxy.receiveResponseHeader(CPoolProxy.java:153)
	at org.apache.http.protocol.HttpRequestExecutor.doReceiveResponse(HttpRequestExecutor.java:271)
	at org.apache.http.protocol.HttpRequestExecutor.execute(HttpRequestExecutor.java:123)
	at org.apache.http.impl.execchain.MainClientExec.execute(MainClientExec.java:254)
	at org.apache.http.impl.execchain.ProtocolExec.execute(ProtocolExec.java:195)
	at org.apache.http.impl.execchain.RetryExec.execute(RetryExec.java:86)
	at org.apache.http.impl.execchain.RedirectExec.execute(RedirectExec.java:108)
	at org.apache.http.impl.client.InternalHttpClient.doExecute(InternalHttpClient.java:184)
	at org.apache.http.impl.client.CloseableHttpClient.execute(CloseableHttpClient.java:72)
	at org.apache.http.impl.client.CloseableHttpClient.execute(CloseableHttpClient.java:57)
	at org.openqa.selenium.remote.internal.ApacheHttpClient.fallBackExecute(ApacheHttpClient.java:144)
	at org.openqa.selenium.remote.internal.ApacheHttpClient.execute(ApacheHttpClient.java:72)
	at org.openqa.selenium.remote.HttpCommandExecutor.execute(HttpCommandExecutor.java:133)
	at org.openqa.selenium.firefox.internal.NewProfileExtensionConnection.execute(NewProfileExtensionConnection.java:165)
	at org.openqa.selenium.firefox.FirefoxDriver$LazyCommandExecutor.execute(FirefoxDriver.java:362)
	at org.openqa.selenium.remote.RemoteWebDriver.execute(RemoteWebDriver.java:572)
	... 36 more
</failure>
  </testcase>
</testsuite>