<?xml version="1.0" encoding="UTF-8"?>
<!-- Generated by org.testng.reporters.JUnitReportReporter -->
<testsuite hostname="PC-20160510WJWA" name="com.mis.market.test.ItemCategoryTest" tests="1" failures="0" timestamp="12 Aug 2016 06:59:11 GMT" time="35.015" errors="0">
  <testcase name="itemCategoryTest" time="35.015" classname="com.mis.market.test.ItemCategoryTest"/>
</testsuite> <!-- com.mis.market.test.ItemCategoryTest -->
