<?xml version="1.0" encoding="UTF-8"?>
<!-- Generated by org.testng.reporters.JUnitReportReporter -->
<testsuite hostname="PC-20160510WJWA" name="com.mis.market.test.ItemCategoryTest" tests="1" failures="0" timestamp="20 Jul 2016 04:51:29 GMT" time="30.731" errors="0">
  <testcase name="itemCategoryTest" time="30.731" classname="com.mis.market.test.ItemCategoryTest"/>
</testsuite> <!-- com.mis.market.test.ItemCategoryTest -->
