<?xml version="1.0" encoding="UTF-8"?>
<!-- Generated by org.testng.reporters.JUnitReportReporter -->
<testsuite hostname="PC-20160510WJWA" name="com.mis.market.test.MisLogin" tests="1" failures="0" timestamp="11 Aug 2016 08:17:15 GMT" time="16.678" errors="0">
  <testcase name="testMisLogin" time="16.678" classname="com.mis.market.test.MisLogin"/>
</testsuite> <!-- com.mis.market.test.MisLogin -->
