<?xml version="1.0" encoding="UTF-8"?>
<!-- Generated by org.testng.reporters.JUnitReportReporter -->
<testsuite hostname="PC-20160510WJWA" name="com.mis.market.test.MisLoginTest" tests="1" failures="0" timestamp="12 Aug 2016 02:11:21 GMT" time="15.412" errors="0">
  <testcase name="testMisLogin" time="15.412" classname="com.mis.market.test.MisLoginTest"/>
</testsuite> <!-- com.mis.market.test.MisLoginTest -->
