<?xml version="1.0" encoding="UTF-8"?>
<!-- Generated by org.testng.reporters.JUnitReportReporter -->
<testsuite hostname="PC-20160510WJWA" name="com.mis.market.test.ItemSaleTest" tests="1" failures="0" timestamp="29 Aug 2016 08:02:12 GMT" time="48.275" errors="0">
  <testcase name="itemSaleTest" time="48.275" classname="com.mis.market.test.ItemSaleTest"/>
</testsuite> <!-- com.mis.market.test.ItemSaleTest -->
