<?xml version="1.0" encoding="UTF-8"?>
<!-- Generated by org.testng.reporters.JUnitReportReporter -->
<testsuite hostname="PC-20160510WJWA" name="com.mis.market.test.ItemExceptionTest" tests="1" failures="0" timestamp="25 Aug 2016 09:09:45 GMT" time="114.470" errors="0">
  <testcase name="itemExceptionTest" time="114.470" classname="com.mis.market.test.ItemExceptionTest"/>
</testsuite> <!-- com.mis.market.test.ItemExceptionTest -->
